Determining if the pthread_create exist failed with the following output:
Change Dir: /home/ls-lqm/Desktop/ch64W/src/lslidar_ch64w/lslidar_ch64w_msgs/cmake-build-debug/CMakeFiles/CMakeTmp

Run Build Command(s):/usr/bin/make cmTC_cade4/fast 
/usr/bin/make -f CMakeFiles/cmTC_cade4.dir/build.make CMakeFiles/cmTC_cade4.dir/build
make[1]: Entering directory '/home/ls-lqm/Desktop/ch64W/src/lslidar_ch64w/lslidar_ch64w_msgs/cmake-build-debug/CMakeFiles/CMakeTmp'
Building C object CMakeFiles/cmTC_cade4.dir/CheckSymbolExists.c.o
/usr/bin/cc    -o CMakeFiles/cmTC_cade4.dir/CheckSymbolExists.c.o   -c /home/ls-lqm/Desktop/ch64W/src/lslidar_ch64w/lslidar_ch64w_msgs/cmake-build-debug/CMakeFiles/CMakeTmp/CheckSymbolExists.c
Linking C executable cmTC_cade4
/opt/clion-2019.1.4/bin/cmake/linux/bin/cmake -E cmake_link_script CMakeFiles/cmTC_cade4.dir/link.txt --verbose=1
/usr/bin/cc      -rdynamic CMakeFiles/cmTC_cade4.dir/CheckSymbolExists.c.o  -o cmTC_cade4 
CMakeFiles/cmTC_cade4.dir/CheckSymbolExists.c.o：在函数‘main’中：
CheckSymbolExists.c:(.text+0x16)：对‘pthread_create’未定义的引用
collect2: error: ld returned 1 exit status
CMakeFiles/cmTC_cade4.dir/build.make:86: recipe for target 'cmTC_cade4' failed
make[1]: *** [cmTC_cade4] Error 1
make[1]: Leaving directory '/home/ls-lqm/Desktop/ch64W/src/lslidar_ch64w/lslidar_ch64w_msgs/cmake-build-debug/CMakeFiles/CMakeTmp'
Makefile:121: recipe for target 'cmTC_cade4/fast' failed
make: *** [cmTC_cade4/fast] Error 2

File /home/ls-lqm/Desktop/ch64W/src/lslidar_ch64w/lslidar_ch64w_msgs/cmake-build-debug/CMakeFiles/CMakeTmp/CheckSymbolExists.c:
/* */
#include <pthread.h>

int main(int argc, char** argv)
{
  (void)argv;
#ifndef pthread_create
  return ((int*)(&pthread_create))[argc];
#else
  (void)argc;
  return 0;
#endif
}

Determining if the function pthread_create exists in the pthreads failed with the following output:
Change Dir: /home/ls-lqm/Desktop/ch64W/src/lslidar_ch64w/lslidar_ch64w_msgs/cmake-build-debug/CMakeFiles/CMakeTmp

Run Build Command(s):/usr/bin/make cmTC_c3e31/fast 
/usr/bin/make -f CMakeFiles/cmTC_c3e31.dir/build.make CMakeFiles/cmTC_c3e31.dir/build
make[1]: Entering directory '/home/ls-lqm/Desktop/ch64W/src/lslidar_ch64w/lslidar_ch64w_msgs/cmake-build-debug/CMakeFiles/CMakeTmp'
Building C object CMakeFiles/cmTC_c3e31.dir/CheckFunctionExists.c.o
/usr/bin/cc   -DCHECK_FUNCTION_EXISTS=pthread_create   -o CMakeFiles/cmTC_c3e31.dir/CheckFunctionExists.c.o   -c /opt/clion-2019.1.4/bin/cmake/linux/share/cmake-3.14/Modules/CheckFunctionExists.c
Linking C executable cmTC_c3e31
/opt/clion-2019.1.4/bin/cmake/linux/bin/cmake -E cmake_link_script CMakeFiles/cmTC_c3e31.dir/link.txt --verbose=1
/usr/bin/cc  -DCHECK_FUNCTION_EXISTS=pthread_create    -rdynamic CMakeFiles/cmTC_c3e31.dir/CheckFunctionExists.c.o  -o cmTC_c3e31 -lpthreads 
/usr/bin/ld: 找不到 -lpthreads
collect2: error: ld returned 1 exit status
CMakeFiles/cmTC_c3e31.dir/build.make:86: recipe for target 'cmTC_c3e31' failed
make[1]: *** [cmTC_c3e31] Error 1
make[1]: Leaving directory '/home/ls-lqm/Desktop/ch64W/src/lslidar_ch64w/lslidar_ch64w_msgs/cmake-build-debug/CMakeFiles/CMakeTmp'
Makefile:121: recipe for target 'cmTC_c3e31/fast' failed
make: *** [cmTC_c3e31/fast] Error 2


