Determining if the pthread_create exist failed with the following output:
Change Dir: /home/ls-lqm/Desktop/ms_hs1/src/lslidar_ch/lslidar_ch_msgs/cmake-build-debug/CMakeFiles/CMakeTmp

Run Build Command(s):/usr/bin/make cmTC_1090f/fast 
/usr/bin/make -f CMakeFiles/cmTC_1090f.dir/build.make CMakeFiles/cmTC_1090f.dir/build
make[1]: Entering directory '/home/ls-lqm/Desktop/ms_hs1/src/lslidar_ch/lslidar_ch_msgs/cmake-build-debug/CMakeFiles/CMakeTmp'
Building C object CMakeFiles/cmTC_1090f.dir/CheckSymbolExists.c.o
/usr/bin/cc    -o CMakeFiles/cmTC_1090f.dir/CheckSymbolExists.c.o   -c /home/ls-lqm/Desktop/ms_hs1/src/lslidar_ch/lslidar_ch_msgs/cmake-build-debug/CMakeFiles/CMakeTmp/CheckSymbolExists.c
Linking C executable cmTC_1090f
/opt/clion-2019.1.4/bin/cmake/linux/bin/cmake -E cmake_link_script CMakeFiles/cmTC_1090f.dir/link.txt --verbose=1
/usr/bin/cc      -rdynamic CMakeFiles/cmTC_1090f.dir/CheckSymbolExists.c.o  -o cmTC_1090f 
CMakeFiles/cmTC_1090f.dir/CheckSymbolExists.c.o：在函数‘main’中：
CheckSymbolExists.c:(.text+0x16)：对‘pthread_create’未定义的引用
collect2: error: ld returned 1 exit status
CMakeFiles/cmTC_1090f.dir/build.make:86: recipe for target 'cmTC_1090f' failed
make[1]: *** [cmTC_1090f] Error 1
make[1]: Leaving directory '/home/ls-lqm/Desktop/ms_hs1/src/lslidar_ch/lslidar_ch_msgs/cmake-build-debug/CMakeFiles/CMakeTmp'
Makefile:121: recipe for target 'cmTC_1090f/fast' failed
make: *** [cmTC_1090f/fast] Error 2

File /home/ls-lqm/Desktop/ms_hs1/src/lslidar_ch/lslidar_ch_msgs/cmake-build-debug/CMakeFiles/CMakeTmp/CheckSymbolExists.c:
/* */
#include <pthread.h>

int main(int argc, char** argv)
{
  (void)argv;
#ifndef pthread_create
  return ((int*)(&pthread_create))[argc];
#else
  (void)argc;
  return 0;
#endif
}

Determining if the function pthread_create exists in the pthreads failed with the following output:
Change Dir: /home/ls-lqm/Desktop/ms_hs1/src/lslidar_ch/lslidar_ch_msgs/cmake-build-debug/CMakeFiles/CMakeTmp

Run Build Command(s):/usr/bin/make cmTC_e5c85/fast 
/usr/bin/make -f CMakeFiles/cmTC_e5c85.dir/build.make CMakeFiles/cmTC_e5c85.dir/build
make[1]: Entering directory '/home/ls-lqm/Desktop/ms_hs1/src/lslidar_ch/lslidar_ch_msgs/cmake-build-debug/CMakeFiles/CMakeTmp'
Building C object CMakeFiles/cmTC_e5c85.dir/CheckFunctionExists.c.o
/usr/bin/cc   -DCHECK_FUNCTION_EXISTS=pthread_create   -o CMakeFiles/cmTC_e5c85.dir/CheckFunctionExists.c.o   -c /opt/clion-2019.1.4/bin/cmake/linux/share/cmake-3.14/Modules/CheckFunctionExists.c
Linking C executable cmTC_e5c85
/opt/clion-2019.1.4/bin/cmake/linux/bin/cmake -E cmake_link_script CMakeFiles/cmTC_e5c85.dir/link.txt --verbose=1
/usr/bin/cc  -DCHECK_FUNCTION_EXISTS=pthread_create    -rdynamic CMakeFiles/cmTC_e5c85.dir/CheckFunctionExists.c.o  -o cmTC_e5c85 -lpthreads 
/usr/bin/ld: 找不到 -lpthreads
collect2: error: ld returned 1 exit status
CMakeFiles/cmTC_e5c85.dir/build.make:86: recipe for target 'cmTC_e5c85' failed
make[1]: *** [cmTC_e5c85] Error 1
make[1]: Leaving directory '/home/ls-lqm/Desktop/ms_hs1/src/lslidar_ch/lslidar_ch_msgs/cmake-build-debug/CMakeFiles/CMakeTmp'
Makefile:121: recipe for target 'cmTC_e5c85/fast' failed
make: *** [cmTC_e5c85/fast] Error 2


